<?xml version="1.0" encoding="UTF-8"?>
<!-- Generated by org.testng.reporters.JUnitXMLReporter -->
<testsuite ignored="0" hostname="SLUPSKA-PC" failures="0" tests="3" name="RestAssuredTutorialProject1" time="4.992" errors="0" timestamp="2021-11-09T22:19:55 CET">
  <testcase classname="RestAssuredAPITest1" name="test1" time="3.462"/>
  <testcase classname="RestAssuredAPITest1" name="test2" time="0.201"/>
  <testcase classname="RestAssuredAPITest1" name="test3" time="1.272"/>
</testsuite> <!-- RestAssuredTutorialProject1 -->
