<?xml version="1.0" encoding="UTF-8"?>
<testng-results ignored="0" total="3" passed="3" failed="0" skipped="0">
  <reporter-output>
  </reporter-output>
  <suite started-at="2021-11-09T22:19:50 CET" name="Default Suite" finished-at="2021-11-09T22:19:55 CET" duration-ms="4992">
    <groups>
    </groups>
    <test started-at="2021-11-09T22:19:50 CET" name="RestAssuredTutorialProject1" finished-at="2021-11-09T22:19:55 CET" duration-ms="4992">
      <class name="RestAssuredAPITest1">
        <test-method signature="test1()[pri:0, instance:RestAssuredAPITest1@3ffcd140]" started-at="2021-11-09T22:19:50 CET" name="test1" finished-at="2021-11-09T22:19:53 CET" duration-ms="3462" status="PASS">
          <reporter-output>
          </reporter-output>
        </test-method> <!-- test1 -->
        <test-method signature="test2()[pri:0, instance:RestAssuredAPITest1@3ffcd140]" started-at="2021-11-09T22:19:53 CET" name="test2" finished-at="2021-11-09T22:19:54 CET" duration-ms="201" status="PASS">
          <reporter-output>
          </reporter-output>
        </test-method> <!-- test2 -->
        <test-method signature="test3()[pri:0, instance:RestAssuredAPITest1@3ffcd140]" started-at="2021-11-09T22:19:54 CET" name="test3" finished-at="2021-11-09T22:19:55 CET" duration-ms="1272" status="PASS">
          <reporter-output>
          </reporter-output>
        </test-method> <!-- test3 -->
      </class> <!-- RestAssuredAPITest1 -->
    </test> <!-- RestAssuredTutorialProject1 -->
  </suite> <!-- Default Suite -->
</testng-results>
